<?xml version="1.0" encoding="UTF-8"?>
<!-- Generated by org.testng.reporters.JUnitReportReporter -->
<testsuite name="com.sheth.RestApiAutomation.TestTwitterApi" tests="1" time="2.925" ignored="0" failures="0" timestamp="11 Apr 2017 04:59:47 GMT" skipped="0" hostname="Entertainment" errors="0">
  <testcase name="testGetAccountSettings" time="2.925" classname="com.sheth.RestApiAutomation.TestTwitterApi"/>
</testsuite> <!-- com.sheth.RestApiAutomation.TestTwitterApi -->
