<?xml version="1.0" encoding="UTF-8"?>
<!-- Generated by org.testng.reporters.JUnitReportReporter -->
<testsuite name="com.sheth.RestApiAutomation.TestTwitterPostApi" tests="1" time="0.000" ignored="0" failures="0" timestamp="17 Apr 2017 19:31:11 GMT" skipped="1" hostname="Entertainment" errors="0">
  <testcase name="testPostAccountSetting" time="0.000" classname="com.sheth.RestApiAutomation.TestTwitterPostApi">
    <skipped/>
  </testcase> <!-- testPostAccountSetting -->
</testsuite> <!-- com.sheth.RestApiAutomation.TestTwitterPostApi -->
